This file contains any messages produced by compilers while
running configure, to aid debugging if configure makes a mistake.

It was created by ObitView configure 1.0, which was
generated by GNU Autoconf 2.59.  Invocation command line was

  $ ./configure --exec_prefix=/export/home/cv-pipe-a/jcrossle/ObitInstall --with-obit=/export/home/cv-pipe-a/jcrossle/ObitInstall/ObitSystem/Obit PATH=/export/home/cv-pipe-a/jcrossle/ObitInstall/other/bin:/export/home/cv-pipe-a/jcrossle/ObitInstall/bin:/usr/lib64/qt-3.3/bin:/usr/kerberos/bin:/usr/local/bin:/bin:/usr/bin:/usr/sbin:/users/jcrossle/work/n6/Linux:/users/jcrossle/work/n7dis/Linux:/users/jcrossle/work/n6/batch_scripts:/users/jcrossle/bin:/usr/sbin:/users/jcrossle/work/n6/Linux:/users/jcrossle/work/n7dis/Linux:/users/jcrossle/work/n6/batch_scripts:/users/jcrossle/bin --with-plplot=/export/home/cv-pipe-a/jcrossle/ObitInstall/other --with-gsl=/export/home/cv-pipe-a/jcrossle/ObitInstall/other --with-glib-prefix=/export/home/cv-pipe-a/jcrossle/ObitInstall/other --with-fftw3=/export/home/cv-pipe-a/jcrossle/ObitInstall/other --with-cfitsio=/export/home/cv-pipe-a/jcrossle/ObitInstall/other --with-curl=/export/home/cv-pipe-a/jcrossle/ObitInstall/other --with-xmlrpc=/export/home/cv-pipe-a/jcrossle/ObitInstall/other --with-motif=/export/home/cv-pipe-a/jcrossle/ObitInstall/other OBIT=/export/home/cv-pipe-a/jcrossle/ObitInstall/ObitSystem/Obit OBITINSTALL=/export/home/cv-pipe-a/jcrossle/ObitInstall LD_LIBRARY_PATH=/export/home/cv-pipe-a/jcrossle/ObitInstall/other/lib PKG_CONFIG_PATH=/export/home/cv-pipe-a/jcrossle/ObitInstall/other/lib/pkgconfig/ LDFLAGS=-L/export/home/cv-pipe-a/jcrossle/ObitInstall/ObitSystem/Obit/lib

## --------- ##
## Platform. ##
## --------- ##

hostname = cv-pipe-a
uname -m = x86_64
uname -r = 2.6.18-194.32.1.el5
uname -s = Linux
uname -v = #1 SMP Mon Dec 20 10:52:42 EST 2010

/usr/bin/uname -p = unknown
/bin/uname -X     = unknown

/bin/arch              = x86_64
/usr/bin/arch -k       = unknown
/usr/convex/getsysinfo = unknown
hostinfo               = unknown
/bin/machine           = unknown
/usr/bin/oslevel       = unknown
/bin/universe          = unknown

PATH: /export/home/cv-pipe-a/jcrossle/ObitInstall/other/bin
PATH: /export/home/cv-pipe-a/jcrossle/ObitInstall/bin
PATH: /usr/lib64/qt-3.3/bin
PATH: /usr/kerberos/bin
PATH: /usr/local/bin
PATH: /bin
PATH: /usr/bin
PATH: /usr/sbin
PATH: /users/jcrossle/work/n6/Linux
PATH: /users/jcrossle/work/n7dis/Linux
PATH: /users/jcrossle/work/n6/batch_scripts
PATH: /users/jcrossle/bin
PATH: /usr/sbin
PATH: /users/jcrossle/work/n6/Linux
PATH: /users/jcrossle/work/n7dis/Linux
PATH: /users/jcrossle/work/n6/batch_scripts
PATH: /users/jcrossle/bin


## ----------- ##
## Core tests. ##
## ----------- ##

configure:1389: checking for a BSD-compatible install
configure:1444: result: /usr/bin/install -c
configure:1455: checking whether build environment is sane
configure:1498: result: yes
configure:1563: checking for gawk
configure:1579: found /bin/gawk
configure:1589: result: gawk
configure:1599: checking whether make sets $(MAKE)
configure:1619: result: yes
configure:1836: checking for gcc
configure:1862: result: /usr/bin/gcc
configure:2106: checking for C compiler version
configure:2109: /usr/bin/gcc --version </dev/null >&5
gcc (GCC) 4.1.2 20080704 (Red Hat 4.1.2-48)
Copyright (C) 2006 Free Software Foundation, Inc.
This is free software; see the source for copying conditions.  There is NO
warranty; not even for MERCHANTABILITY or FITNESS FOR A PARTICULAR PURPOSE.

configure:2112: $? = 0
configure:2114: /usr/bin/gcc -v </dev/null >&5
Using built-in specs.
Target: x86_64-redhat-linux
Configured with: ../configure --prefix=/usr --mandir=/usr/share/man --infodir=/usr/share/info --enable-shared --enable-threads=posix --enable-checking=release --with-system-zlib --enable-__cxa_atexit --disable-libunwind-exceptions --enable-libgcj-multifile --enable-languages=c,c++,objc,obj-c++,java,fortran,ada --enable-java-awt=gtk --disable-dssi --enable-plugin --with-java-home=/usr/lib/jvm/java-1.4.2-gcj-1.4.2.0/jre --with-cpu=generic --host=x86_64-redhat-linux
Thread model: posix
gcc version 4.1.2 20080704 (Red Hat 4.1.2-48)
configure:2117: $? = 0
configure:2119: /usr/bin/gcc -V </dev/null >&5
gcc: '-V' option must have argument
configure:2122: $? = 1
configure:2145: checking for C compiler default output file name
configure:2148: /usr/bin/gcc   -L/export/home/cv-pipe-a/jcrossle/ObitInstall/ObitSystem/Obit/lib conftest.c  >&5
configure:2151: $? = 0
configure:2197: result: a.out
configure:2202: checking whether the C compiler works
configure:2208: ./a.out
configure:2211: $? = 0
configure:2228: result: yes
configure:2235: checking whether we are cross compiling
configure:2237: result: no
configure:2240: checking for suffix of executables
configure:2242: /usr/bin/gcc -o conftest   -L/export/home/cv-pipe-a/jcrossle/ObitInstall/ObitSystem/Obit/lib conftest.c  >&5
configure:2245: $? = 0
configure:2270: result: 
configure:2276: checking for suffix of object files
configure:2297: /usr/bin/gcc -c   conftest.c >&5
configure:2300: $? = 0
configure:2322: result: o
configure:2326: checking whether we are using the GNU C compiler
configure:2350: /usr/bin/gcc -c   conftest.c >&5
configure:2356: $? = 0
configure:2360: test -z 
			 || test ! -s conftest.err
configure:2363: $? = 0
configure:2366: test -s conftest.o
configure:2369: $? = 0
configure:2382: result: yes
configure:2388: checking whether /usr/bin/gcc accepts -g
configure:2409: /usr/bin/gcc -c -g  conftest.c >&5
configure:2415: $? = 0
configure:2419: test -z 
			 || test ! -s conftest.err
configure:2422: $? = 0
configure:2425: test -s conftest.o
configure:2428: $? = 0
configure:2439: result: yes
configure:2456: checking for /usr/bin/gcc option to accept ANSI C
configure:2526: /usr/bin/gcc  -c -g -O2  conftest.c >&5
configure:2532: $? = 0
configure:2536: test -z 
			 || test ! -s conftest.err
configure:2539: $? = 0
configure:2542: test -s conftest.o
configure:2545: $? = 0
configure:2563: result: none needed
configure:2581: /usr/bin/gcc -c -g -O2  conftest.c >&5
conftest.c:2: error: expected '=', ',', ';', 'asm' or '__attribute__' before 'me'
configure:2587: $? = 1
configure: failed program was:
| #ifndef __cplusplus
|   choke me
| #endif
configure:2731: checking for style of include used by make
configure:2759: result: GNU
configure:2787: checking dependency style of /usr/bin/gcc
configure:2877: result: none
configure:2935: checking for ranlib
configure:2951: found /usr/bin/ranlib
configure:2962: result: ranlib
configure:2982: checking how to run the C preprocessor
configure:3017: /usr/bin/gcc -E  conftest.c
configure:3023: $? = 0
configure:3055: /usr/bin/gcc -E  conftest.c
conftest.c:11:28: error: ac_nonexistent.h: No such file or directory
configure:3061: $? = 1
configure: failed program was:
| /* confdefs.h.  */
| 
| #define PACKAGE_NAME "ObitView"
| #define PACKAGE_TARNAME "obitview"
| #define PACKAGE_VERSION "1.0"
| #define PACKAGE_STRING "ObitView 1.0"
| #define PACKAGE_BUGREPORT "bcotton@nrao.edu"
| #define PACKAGE "obitview"
| #define VERSION "1.0"
| /* end confdefs.h.  */
| #include <ac_nonexistent.h>
configure:3100: result: /usr/bin/gcc -E
configure:3124: /usr/bin/gcc -E  conftest.c
configure:3130: $? = 0
configure:3162: /usr/bin/gcc -E  conftest.c
conftest.c:11:28: error: ac_nonexistent.h: No such file or directory
configure:3168: $? = 1
configure: failed program was:
| /* confdefs.h.  */
| 
| #define PACKAGE_NAME "ObitView"
| #define PACKAGE_TARNAME "obitview"
| #define PACKAGE_VERSION "1.0"
| #define PACKAGE_STRING "ObitView 1.0"
| #define PACKAGE_BUGREPORT "bcotton@nrao.edu"
| #define PACKAGE "obitview"
| #define VERSION "1.0"
| /* end confdefs.h.  */
| #include <ac_nonexistent.h>
configure:3212: checking for egrep
configure:3222: result: grep -E
configure:3227: checking for ANSI C header files
configure:3252: /usr/bin/gcc -c -g -O2  conftest.c >&5
configure:3258: $? = 0
configure:3262: test -z 
			 || test ! -s conftest.err
configure:3265: $? = 0
configure:3268: test -s conftest.o
configure:3271: $? = 0
configure:3360: /usr/bin/gcc -o conftest -g -O2  -L/export/home/cv-pipe-a/jcrossle/ObitInstall/ObitSystem/Obit/lib conftest.c  >&5
conftest.c: In function 'main':
conftest.c:28: warning: incompatible implicit declaration of built-in function 'exit'
configure:3363: $? = 0
configure:3365: ./conftest
configure:3368: $? = 0
configure:3383: result: yes
configure:3407: checking for sys/types.h
configure:3423: /usr/bin/gcc -c -g -O2  conftest.c >&5
configure:3429: $? = 0
configure:3433: test -z 
			 || test ! -s conftest.err
configure:3436: $? = 0
configure:3439: test -s conftest.o
configure:3442: $? = 0
configure:3453: result: yes
configure:3407: checking for sys/stat.h
configure:3423: /usr/bin/gcc -c -g -O2  conftest.c >&5
configure:3429: $? = 0
configure:3433: test -z 
			 || test ! -s conftest.err
configure:3436: $? = 0
configure:3439: test -s conftest.o
configure:3442: $? = 0
configure:3453: result: yes
configure:3407: checking for stdlib.h
configure:3423: /usr/bin/gcc -c -g -O2  conftest.c >&5
configure:3429: $? = 0
configure:3433: test -z 
			 || test ! -s conftest.err
configure:3436: $? = 0
configure:3439: test -s conftest.o
configure:3442: $? = 0
configure:3453: result: yes
configure:3407: checking for string.h
configure:3423: /usr/bin/gcc -c -g -O2  conftest.c >&5
configure:3429: $? = 0
configure:3433: test -z 
			 || test ! -s conftest.err
configure:3436: $? = 0
configure:3439: test -s conftest.o
configure:3442: $? = 0
configure:3453: result: yes
configure:3407: checking for memory.h
configure:3423: /usr/bin/gcc -c -g -O2  conftest.c >&5
configure:3429: $? = 0
configure:3433: test -z 
			 || test ! -s conftest.err
configure:3436: $? = 0
configure:3439: test -s conftest.o
configure:3442: $? = 0
configure:3453: result: yes
configure:3407: checking for strings.h
configure:3423: /usr/bin/gcc -c -g -O2  conftest.c >&5
configure:3429: $? = 0
configure:3433: test -z 
			 || test ! -s conftest.err
configure:3436: $? = 0
configure:3439: test -s conftest.o
configure:3442: $? = 0
configure:3453: result: yes
configure:3407: checking for inttypes.h
configure:3423: /usr/bin/gcc -c -g -O2  conftest.c >&5
configure:3429: $? = 0
configure:3433: test -z 
			 || test ! -s conftest.err
configure:3436: $? = 0
configure:3439: test -s conftest.o
configure:3442: $? = 0
configure:3453: result: yes
configure:3407: checking for stdint.h
configure:3423: /usr/bin/gcc -c -g -O2  conftest.c >&5
configure:3429: $? = 0
configure:3433: test -z 
			 || test ! -s conftest.err
configure:3436: $? = 0
configure:3439: test -s conftest.o
configure:3442: $? = 0
configure:3453: result: yes
configure:3407: checking for unistd.h
configure:3423: /usr/bin/gcc -c -g -O2  conftest.c >&5
configure:3429: $? = 0
configure:3433: test -z 
			 || test ! -s conftest.err
configure:3436: $? = 0
configure:3439: test -s conftest.o
configure:3442: $? = 0
configure:3453: result: yes
configure:3472: checking for stdlib.h
configure:3477: result: yes
configure:3472: checking for string.h
configure:3477: result: yes
configure:3472: checking for unistd.h
configure:3477: result: yes
configure:3619: checking for an ANSI C-conforming const
configure:3686: /usr/bin/gcc -c -g -O2  conftest.c >&5
configure:3692: $? = 0
configure:3696: test -z 
			 || test ! -s conftest.err
configure:3699: $? = 0
configure:3702: test -s conftest.o
configure:3705: $? = 0
configure:3716: result: yes
configure:3726: checking for size_t
configure:3750: /usr/bin/gcc -c -g -O2  conftest.c >&5
configure:3756: $? = 0
configure:3760: test -z 
			 || test ! -s conftest.err
configure:3763: $? = 0
configure:3766: test -s conftest.o
configure:3769: $? = 0
configure:3780: result: yes
configure:3796: checking checking if -fPIC compiler option allowed... 
configure:3818: /usr/bin/gcc -c -g -O2 -fPIC  conftest.c >&5
configure:3824: $? = 0
configure:3828: test -z 
			 || test ! -s conftest.err
configure:3831: $? = 0
configure:3834: test -s conftest.o
configure:3837: $? = 0
configure:3848: result: yes
configure:3853: checking for X
configure:3958: /usr/bin/gcc -E  conftest.c
configure:3964: $? = 0
configure:4083: result: libraries /usr/lib64, headers 
configure:4255: /usr/bin/gcc -o conftest -g -O2 -fPIC  -L/export/home/cv-pipe-a/jcrossle/ObitInstall/ObitSystem/Obit/lib conftest.c   -L/usr/lib64 -lX11 >&5
configure:4261: $? = 0
configure:4265: test -z 
			 || test ! -s conftest.err
configure:4268: $? = 0
configure:4271: test -s conftest
configure:4274: $? = 0
configure:4432: checking for gethostbyname
configure:4489: /usr/bin/gcc -o conftest -g -O2 -fPIC  -L/export/home/cv-pipe-a/jcrossle/ObitInstall/ObitSystem/Obit/lib conftest.c  >&5
configure:4495: $? = 0
configure:4499: test -z 
			 || test ! -s conftest.err
configure:4502: $? = 0
configure:4505: test -s conftest
configure:4508: $? = 0
configure:4520: result: yes
configure:4671: checking for connect
configure:4728: /usr/bin/gcc -o conftest -g -O2 -fPIC  -L/export/home/cv-pipe-a/jcrossle/ObitInstall/ObitSystem/Obit/lib conftest.c  >&5
configure:4734: $? = 0
configure:4738: test -z 
			 || test ! -s conftest.err
configure:4741: $? = 0
configure:4744: test -s conftest
configure:4747: $? = 0
configure:4759: result: yes
configure:4834: checking for remove
configure:4891: /usr/bin/gcc -o conftest -g -O2 -fPIC  -L/export/home/cv-pipe-a/jcrossle/ObitInstall/ObitSystem/Obit/lib conftest.c  >&5
configure:4897: $? = 0
configure:4901: test -z 
			 || test ! -s conftest.err
configure:4904: $? = 0
configure:4907: test -s conftest
configure:4910: $? = 0
configure:4922: result: yes
configure:4997: checking for shmat
configure:5054: /usr/bin/gcc -o conftest -g -O2 -fPIC  -L/export/home/cv-pipe-a/jcrossle/ObitInstall/ObitSystem/Obit/lib conftest.c  >&5
configure:5060: $? = 0
configure:5064: test -z 
			 || test ! -s conftest.err
configure:5067: $? = 0
configure:5070: test -s conftest
configure:5073: $? = 0
configure:5085: result: yes
configure:5169: checking for IceConnectionNumber in -lICE
configure:5199: /usr/bin/gcc -o conftest -g -O2 -fPIC  -L/export/home/cv-pipe-a/jcrossle/ObitInstall/ObitSystem/Obit/lib -L/usr/lib64 conftest.c -lICE   >&5
configure:5205: $? = 0
configure:5209: test -z 
			 || test ! -s conftest.err
configure:5212: $? = 0
configure:5215: test -s conftest
configure:5218: $? = 0
configure:5231: result: yes
configure:5276: checking for /tmp/dummy1_Xm.h
configure:5292: /usr/bin/gcc -c -g -O2 -fPIC   -I/export/home/cv-pipe-a/jcrossle/ObitInstall/other/include  conftest.c >&5
configure:5298: $? = 0
configure:5302: test -z 
			 || test ! -s conftest.err
configure:5305: $? = 0
configure:5308: test -s conftest.o
configure:5311: $? = 0
configure:5322: result: yes
configure:5333: checking for library containing XmGetPixmap
configure:5363: /usr/bin/gcc -o conftest -g -O2 -fPIC   -I/export/home/cv-pipe-a/jcrossle/ObitInstall/other/include  -L/export/home/cv-pipe-a/jcrossle/ObitInstall/ObitSystem/Obit/lib  -L/export/home/cv-pipe-a/jcrossle/ObitInstall/other/lib  -L/usr/lib64 conftest.c  >&5
/tmp/ccuKxw1r.o: In function `main':
/export/home/cv-pipe-a/jcrossle/ObitInstall/ObitSystem/ObitView/conftest.c:35: undefined reference to `XmGetPixmap'
collect2: ld returned 1 exit status
configure:5369: $? = 1
configure: failed program was:
| /* confdefs.h.  */
| 
| #define PACKAGE_NAME "ObitView"
| #define PACKAGE_TARNAME "obitview"
| #define PACKAGE_VERSION "1.0"
| #define PACKAGE_STRING "ObitView 1.0"
| #define PACKAGE_BUGREPORT "bcotton@nrao.edu"
| #define PACKAGE "obitview"
| #define VERSION "1.0"
| #define STDC_HEADERS 1
| #define HAVE_SYS_TYPES_H 1
| #define HAVE_SYS_STAT_H 1
| #define HAVE_STDLIB_H 1
| #define HAVE_STRING_H 1
| #define HAVE_MEMORY_H 1
| #define HAVE_STRINGS_H 1
| #define HAVE_INTTYPES_H 1
| #define HAVE_STDINT_H 1
| #define HAVE_UNISTD_H 1
| #define HAVE_STDLIB_H 1
| #define HAVE_STRING_H 1
| #define HAVE_UNISTD_H 1
| /* end confdefs.h.  */
| 
| /* Override any gcc2 internal prototype to avoid an error.  */
| #ifdef __cplusplus
| extern "C"
| #endif
| /* We use char because int might match the return type of a gcc2
|    builtin and then its argument prototype would still apply.  */
| char XmGetPixmap ();
| int
| main ()
| {
| XmGetPixmap ();
|   ;
|   return 0;
| }
configure:5418: /usr/bin/gcc -o conftest -g -O2 -fPIC   -I/export/home/cv-pipe-a/jcrossle/ObitInstall/other/include  -L/export/home/cv-pipe-a/jcrossle/ObitInstall/ObitSystem/Obit/lib  -L/export/home/cv-pipe-a/jcrossle/ObitInstall/other/lib  -L/usr/lib64 conftest.c -lXm -lXt -lX11  >&5
configure:5424: $? = 0
configure:5428: test -z 
			 || test ! -s conftest.err
configure:5431: $? = 0
configure:5434: test -s conftest
configure:5437: $? = 0
configure:5452: result: -lXm
configure:5731: checking for pkg-config
configure:5749: found /export/home/cv-pipe-a/jcrossle/ObitInstall/other/bin/pkg-config
configure:5762: result: /export/home/cv-pipe-a/jcrossle/ObitInstall/other/bin/pkg-config
configure:5785: checking for GLIB - version >= 2.0.0
configure:5904: /usr/bin/gcc -o conftest -g -O2 -fPIC -I/export/home/cv-pipe-a/jcrossle/ObitInstall/other//include/glib-2.0 -I/export/home/cv-pipe-a/jcrossle/ObitInstall/other//lib/glib-2.0/include    -L/export/home/cv-pipe-a/jcrossle/ObitInstall/ObitSystem/Obit/lib conftest.c -L/export/home/cv-pipe-a/jcrossle/ObitInstall/other//lib -lglib-2.0    >&5
configure:5907: $? = 0
configure:5909: ./conftest
configure:5912: $? = 0
configure:5930: result: yes (version 2.2.0)
configure:6055: checking for /tmp/dummy1_plplot.h
configure:6071: /usr/bin/gcc -c -g -O2 -fPIC  -I/export/home/cv-pipe-a/jcrossle/ObitInstall/other/include/plplot   -I/export/home/cv-pipe-a/jcrossle/ObitInstall/other/include/plplot conftest.c >&5
configure:6077: $? = 0
configure:6081: test -z 
			 || test ! -s conftest.err
configure:6084: $? = 0
configure:6087: test -s conftest.o
configure:6090: $? = 0
configure:6101: result: yes
configure:6112: checking for c_plinit in -lplplot
configure:6142: /usr/bin/gcc -o conftest -g -O2 -fPIC  -I/export/home/cv-pipe-a/jcrossle/ObitInstall/other/include/plplot   -I/export/home/cv-pipe-a/jcrossle/ObitInstall/other/include/plplot -L/export/home/cv-pipe-a/jcrossle/ObitInstall/ObitSystem/Obit/lib  -L/export/home/cv-pipe-a/jcrossle/ObitInstall/other/lib conftest.c -lplplot  /export/home/cv-pipe-a/jcrossle/ObitInstall/other//lib/libplplot.so -lfreetype /export/home/cv-pipe-a/jcrossle/ObitInstall/other//lib/libcsirocsa.so -ldl -lm -Wl,--rpath -Wl,/export/home/cv-pipe-a/jcrossle/ObitInstall/other//lib -Wl,--rpath -Wl,/export/home/cv-pipe-a/jcrossle/ObitInstall/other//lib >&5
configure:6148: $? = 0
configure:6152: test -z 
			 || test ! -s conftest.err
configure:6155: $? = 0
configure:6158: test -s conftest
configure:6161: $? = 0
configure:6174: result: yes
configure:6456: checking for /tmp/dummy1_fitsio.h
configure:6472: /usr/bin/gcc -c -g -O2 -fPIC   -I/export/home/cv-pipe-a/jcrossle/ObitInstall/other/include conftest.c >&5
configure:6478: $? = 0
configure:6482: test -z 
			 || test ! -s conftest.err
configure:6485: $? = 0
configure:6488: test -s conftest.o
configure:6491: $? = 0
configure:6502: result: yes
configure:6588: checking for ffinit in -lcfitsio
configure:6618: /usr/bin/gcc -o conftest -g -O2 -fPIC   -I/export/home/cv-pipe-a/jcrossle/ObitInstall/other/include -L/export/home/cv-pipe-a/jcrossle/ObitInstall/ObitSystem/Obit/lib  -L/export/home/cv-pipe-a/jcrossle/ObitInstall/other/lib  -L/export/home/cv-pipe-a/jcrossle/ObitInstall/other/lib  -L/export/home/cv-pipe-a/jcrossle/ObitInstall/other/lib conftest.c -lcfitsio -lm  >&5
configure:6624: $? = 0
configure:6628: test -z 
			 || test ! -s conftest.err
configure:6631: $? = 0
configure:6634: test -s conftest
configure:6637: $? = 0
configure:6650: result: yes
configure:6887: checking for /tmp/dummy1_fftw3.h
configure:6903: /usr/bin/gcc -c -g -O2 -fPIC   -I/export/home/cv-pipe-a/jcrossle/ObitInstall/other/include conftest.c >&5
configure:6909: $? = 0
configure:6913: test -z 
			 || test ! -s conftest.err
configure:6916: $? = 0
configure:6919: test -s conftest.o
configure:6922: $? = 0
configure:6933: result: yes
configure:6948: checking for fftwf_execute in -lfftw3f
configure:6978: /usr/bin/gcc -o conftest -g -O2 -fPIC   -I/export/home/cv-pipe-a/jcrossle/ObitInstall/other/include -L/export/home/cv-pipe-a/jcrossle/ObitInstall/ObitSystem/Obit/lib  -L/export/home/cv-pipe-a/jcrossle/ObitInstall/other/lib  -L/export/home/cv-pipe-a/jcrossle/ObitInstall/other/lib  -L/export/home/cv-pipe-a/jcrossle/ObitInstall/other/lib conftest.c -lfftw3f -lm   >&5
configure:6984: $? = 0
configure:6988: test -z 
			 || test ! -s conftest.err
configure:6991: $? = 0
configure:6994: test -s conftest
configure:6997: $? = 0
configure:7010: result: yes
configure:7238: checking for /tmp/dummy1_fftw.h
configure:7255: /usr/bin/gcc -c -g -O2 -fPIC   conftest.c >&5
conftest.c:30:18: error: fftw.h: No such file or directory
conftest.c:31:19: error: rfftw.h: No such file or directory
configure:7261: $? = 1
configure: failed program was:
| /* confdefs.h.  */
| 
| #define PACKAGE_NAME "ObitView"
| #define PACKAGE_TARNAME "obitview"
| #define PACKAGE_VERSION "1.0"
| #define PACKAGE_STRING "ObitView 1.0"
| #define PACKAGE_BUGREPORT "bcotton@nrao.edu"
| #define PACKAGE "obitview"
| #define VERSION "1.0"
| #define STDC_HEADERS 1
| #define HAVE_SYS_TYPES_H 1
| #define HAVE_SYS_STAT_H 1
| #define HAVE_STDLIB_H 1
| #define HAVE_STRING_H 1
| #define HAVE_MEMORY_H 1
| #define HAVE_STRINGS_H 1
| #define HAVE_INTTYPES_H 1
| #define HAVE_STDINT_H 1
| #define HAVE_UNISTD_H 1
| #define HAVE_STDLIB_H 1
| #define HAVE_STRING_H 1
| #define HAVE_UNISTD_H 1
| #define HAVE_MOTIF 1
| #define HAVE_PLPLOT 1
| #define HAVE_LIBCFITSIO 1
| #define HAVE_CFITSIO 1
| #define HAVE__TMP_DUMMY1_FFTW3_H 1
| #define HAVE_FFTW3 1
| /* end confdefs.h.  */
| #include "fftw.h"
| #include "rfftw.h"
| 
| #include </tmp/dummy1_fftw.h>
configure:7285: result: no
configure:7670: WARNING: cannot find FFTW headers
configure:7675: WARNING: cannot find FFTW library
configure:7683: WARNING: Using FFTW 3 library in preference to FFTW2
configure:7747: checking for /tmp/dummy1_gsl.h
configure:7763: /usr/bin/gcc -c -g -O2 -fPIC  -I/export/home/cv-pipe-a/jcrossle/ObitInstall/other/include  conftest.c >&5
configure:7769: $? = 0
configure:7773: test -z 
			 || test ! -s conftest.err
configure:7776: $? = 0
configure:7779: test -s conftest.o
configure:7782: $? = 0
configure:7793: result: yes
configure:7808: checking for library containing cblas_isamax
configure:7838: /usr/bin/gcc -o conftest -g -O2 -fPIC  -I/export/home/cv-pipe-a/jcrossle/ObitInstall/other/include  -L/export/home/cv-pipe-a/jcrossle/ObitInstall/ObitSystem/Obit/lib  -L/export/home/cv-pipe-a/jcrossle/ObitInstall/other/lib  -L/export/home/cv-pipe-a/jcrossle/ObitInstall/other/lib  -L/export/home/cv-pipe-a/jcrossle/ObitInstall/other/lib conftest.c  >&5
/tmp/ccGkmkbf.o: In function `main':
/export/home/cv-pipe-a/jcrossle/ObitInstall/ObitSystem/ObitView/conftest.c:42: undefined reference to `cblas_isamax'
collect2: ld returned 1 exit status
configure:7844: $? = 1
configure: failed program was:
| /* confdefs.h.  */
| 
| #define PACKAGE_NAME "ObitView"
| #define PACKAGE_TARNAME "obitview"
| #define PACKAGE_VERSION "1.0"
| #define PACKAGE_STRING "ObitView 1.0"
| #define PACKAGE_BUGREPORT "bcotton@nrao.edu"
| #define PACKAGE "obitview"
| #define VERSION "1.0"
| #define STDC_HEADERS 1
| #define HAVE_SYS_TYPES_H 1
| #define HAVE_SYS_STAT_H 1
| #define HAVE_STDLIB_H 1
| #define HAVE_STRING_H 1
| #define HAVE_MEMORY_H 1
| #define HAVE_STRINGS_H 1
| #define HAVE_INTTYPES_H 1
| #define HAVE_STDINT_H 1
| #define HAVE_UNISTD_H 1
| #define HAVE_STDLIB_H 1
| #define HAVE_STRING_H 1
| #define HAVE_UNISTD_H 1
| #define HAVE_MOTIF 1
| #define HAVE_PLPLOT 1
| #define HAVE_LIBCFITSIO 1
| #define HAVE_CFITSIO 1
| #define HAVE__TMP_DUMMY1_FFTW3_H 1
| #define HAVE_FFTW3 1
| #define HAVE__TMP_DUMMY1_GSL_H 1
| /* end confdefs.h.  */
| 
| /* Override any gcc2 internal prototype to avoid an error.  */
| #ifdef __cplusplus
| extern "C"
| #endif
| /* We use char because int might match the return type of a gcc2
|    builtin and then its argument prototype would still apply.  */
| char cblas_isamax ();
| int
| main ()
| {
| cblas_isamax ();
|   ;
|   return 0;
| }
configure:7893: /usr/bin/gcc -o conftest -g -O2 -fPIC  -I/export/home/cv-pipe-a/jcrossle/ObitInstall/other/include  -L/export/home/cv-pipe-a/jcrossle/ObitInstall/ObitSystem/Obit/lib  -L/export/home/cv-pipe-a/jcrossle/ObitInstall/other/lib  -L/export/home/cv-pipe-a/jcrossle/ObitInstall/other/lib  -L/export/home/cv-pipe-a/jcrossle/ObitInstall/other/lib conftest.c -lgslcblas -lm  >&5
configure:7899: $? = 0
configure:7903: test -z 
			 || test ! -s conftest.err
configure:7906: $? = 0
configure:7909: test -s conftest
configure:7912: $? = 0
configure:7927: result: -lgslcblas
configure:7936: checking for library containing gsl_fit_linear
configure:7966: /usr/bin/gcc -o conftest -g -O2 -fPIC  -I/export/home/cv-pipe-a/jcrossle/ObitInstall/other/include  -L/export/home/cv-pipe-a/jcrossle/ObitInstall/ObitSystem/Obit/lib  -L/export/home/cv-pipe-a/jcrossle/ObitInstall/other/lib  -L/export/home/cv-pipe-a/jcrossle/ObitInstall/other/lib  -L/export/home/cv-pipe-a/jcrossle/ObitInstall/other/lib conftest.c -lgslcblas  >&5
/tmp/ccS8nhTu.o: In function `main':
/export/home/cv-pipe-a/jcrossle/ObitInstall/ObitSystem/ObitView/conftest.c:42: undefined reference to `gsl_fit_linear'
collect2: ld returned 1 exit status
configure:7972: $? = 1
configure: failed program was:
| /* confdefs.h.  */
| 
| #define PACKAGE_NAME "ObitView"
| #define PACKAGE_TARNAME "obitview"
| #define PACKAGE_VERSION "1.0"
| #define PACKAGE_STRING "ObitView 1.0"
| #define PACKAGE_BUGREPORT "bcotton@nrao.edu"
| #define PACKAGE "obitview"
| #define VERSION "1.0"
| #define STDC_HEADERS 1
| #define HAVE_SYS_TYPES_H 1
| #define HAVE_SYS_STAT_H 1
| #define HAVE_STDLIB_H 1
| #define HAVE_STRING_H 1
| #define HAVE_MEMORY_H 1
| #define HAVE_STRINGS_H 1
| #define HAVE_INTTYPES_H 1
| #define HAVE_STDINT_H 1
| #define HAVE_UNISTD_H 1
| #define HAVE_STDLIB_H 1
| #define HAVE_STRING_H 1
| #define HAVE_UNISTD_H 1
| #define HAVE_MOTIF 1
| #define HAVE_PLPLOT 1
| #define HAVE_LIBCFITSIO 1
| #define HAVE_CFITSIO 1
| #define HAVE__TMP_DUMMY1_FFTW3_H 1
| #define HAVE_FFTW3 1
| #define HAVE__TMP_DUMMY1_GSL_H 1
| /* end confdefs.h.  */
| 
| /* Override any gcc2 internal prototype to avoid an error.  */
| #ifdef __cplusplus
| extern "C"
| #endif
| /* We use char because int might match the return type of a gcc2
|    builtin and then its argument prototype would still apply.  */
| char gsl_fit_linear ();
| int
| main ()
| {
| gsl_fit_linear ();
|   ;
|   return 0;
| }
configure:8021: /usr/bin/gcc -o conftest -g -O2 -fPIC  -I/export/home/cv-pipe-a/jcrossle/ObitInstall/other/include  -L/export/home/cv-pipe-a/jcrossle/ObitInstall/ObitSystem/Obit/lib  -L/export/home/cv-pipe-a/jcrossle/ObitInstall/other/lib  -L/export/home/cv-pipe-a/jcrossle/ObitInstall/other/lib  -L/export/home/cv-pipe-a/jcrossle/ObitInstall/other/lib conftest.c -lgsl -lm -lgslcblas  >&5
configure:8027: $? = 0
configure:8031: test -z 
			 || test ! -s conftest.err
configure:8034: $? = 0
configure:8037: test -s conftest
configure:8040: $? = 0
configure:8055: result: -lgsl
configure:8527: checking for /tmp/dummy1_xmlrpc.h
configure:8543: /usr/bin/gcc -c -g -O2 -fPIC   -I/export/home/cv-pipe-a/jcrossle/ObitInstall/other/include conftest.c >&5
configure:8549: $? = 0
configure:8553: test -z 
			 || test ! -s conftest.err
configure:8556: $? = 0
configure:8559: test -s conftest.o
configure:8562: $? = 0
configure:8573: result: yes
configure:8588: checking for library containing xmlrpc_env_init
configure:8618: /usr/bin/gcc -o conftest -g -O2 -fPIC   -I/export/home/cv-pipe-a/jcrossle/ObitInstall/other/include -L/export/home/cv-pipe-a/jcrossle/ObitInstall/ObitSystem/Obit/lib  -L/export/home/cv-pipe-a/jcrossle/ObitInstall/other/lib  -L/export/home/cv-pipe-a/jcrossle/ObitInstall/other/lib conftest.c  >&5
/tmp/ccwzRYMW.o: In function `main':
/export/home/cv-pipe-a/jcrossle/ObitInstall/ObitSystem/ObitView/conftest.c:44: undefined reference to `xmlrpc_env_init'
collect2: ld returned 1 exit status
configure:8624: $? = 1
configure: failed program was:
| /* confdefs.h.  */
| 
| #define PACKAGE_NAME "ObitView"
| #define PACKAGE_TARNAME "obitview"
| #define PACKAGE_VERSION "1.0"
| #define PACKAGE_STRING "ObitView 1.0"
| #define PACKAGE_BUGREPORT "bcotton@nrao.edu"
| #define PACKAGE "obitview"
| #define VERSION "1.0"
| #define STDC_HEADERS 1
| #define HAVE_SYS_TYPES_H 1
| #define HAVE_SYS_STAT_H 1
| #define HAVE_STDLIB_H 1
| #define HAVE_STRING_H 1
| #define HAVE_MEMORY_H 1
| #define HAVE_STRINGS_H 1
| #define HAVE_INTTYPES_H 1
| #define HAVE_STDINT_H 1
| #define HAVE_UNISTD_H 1
| #define HAVE_STDLIB_H 1
| #define HAVE_STRING_H 1
| #define HAVE_UNISTD_H 1
| #define HAVE_MOTIF 1
| #define HAVE_PLPLOT 1
| #define HAVE_LIBCFITSIO 1
| #define HAVE_CFITSIO 1
| #define HAVE__TMP_DUMMY1_FFTW3_H 1
| #define HAVE_FFTW3 1
| #define HAVE__TMP_DUMMY1_GSL_H 1
| #define HAVE_GSL 1
| #define HAVE__TMP_DUMMY1_XMLRPC_H 1
| /* end confdefs.h.  */
| 
| /* Override any gcc2 internal prototype to avoid an error.  */
| #ifdef __cplusplus
| extern "C"
| #endif
| /* We use char because int might match the return type of a gcc2
|    builtin and then its argument prototype would still apply.  */
| char xmlrpc_env_init ();
| int
| main ()
| {
| xmlrpc_env_init ();
|   ;
|   return 0;
| }
configure:8673: /usr/bin/gcc -o conftest -g -O2 -fPIC   -I/export/home/cv-pipe-a/jcrossle/ObitInstall/other/include -L/export/home/cv-pipe-a/jcrossle/ObitInstall/ObitSystem/Obit/lib  -L/export/home/cv-pipe-a/jcrossle/ObitInstall/other/lib  -L/export/home/cv-pipe-a/jcrossle/ObitInstall/other/lib conftest.c -lxmlrpc -L/export/home/cv-pipe-a/jcrossle/ObitInstall/other/lib  -lxmlrpc -lxmlrpc_util -lxmlrpc_xmlparse -lxmlrpc_xmltok  -L/export/home/cv-pipe-a/jcrossle/ObitInstall/other/lib  -L/export/home/cv-pipe-a/jcrossle/ObitInstall/other/lib -lcurl -L/usr/kerberos/lib64 -L/export/home/cv-pipe-a/jcrossle/ObitInstall/other/lib/lib -lxmlrpc_client -lxmlrpc -lxmlrpc_util -lxmlrpc_xmlparse -lxmlrpc_xmltok -Wl,--rpath -Wl,/export/home/cv-pipe-a/jcrossle/ObitInstall/other/lib    -L/export/home/cv-pipe-a/jcrossle/ObitInstall/ObitSystem/Obit/lib  -L/export/home/cv-pipe-a/jcrossle/ObitInstall/other/lib  -L/export/home/cv-pipe-a/jcrossle/ObitInstall/other/lib   >&5
/usr/bin/ld: warning: libcurl.so.3, needed by /export/home/cv-pipe-a/jcrossle/ObitInstall/other/lib/libxmlrpc_client.so, may conflict with libcurl.so.4
configure:8679: $? = 0
configure:8683: test -z 
			 || test ! -s conftest.err
configure:8686: $? = 0
configure:8689: test -s conftest
configure:8692: $? = 0
configure:8707: result: -lxmlrpc
configure:8957: checking checking if xmlrpc available 
configure:8959: result: yes
configure:9023: checking for /tmp/dummy1_zlib.h
configure:9039: /usr/bin/gcc -c -g -O2 -fPIC   conftest.c >&5
configure:9045: $? = 0
configure:9049: test -z 
			 || test ! -s conftest.err
configure:9052: $? = 0
configure:9055: test -s conftest.o
configure:9058: $? = 0
configure:9069: result: yes
configure:9084: checking for library containing gzopen
configure:9114: /usr/bin/gcc -o conftest -g -O2 -fPIC   -L/export/home/cv-pipe-a/jcrossle/ObitInstall/ObitSystem/Obit/lib  -L/export/home/cv-pipe-a/jcrossle/ObitInstall/other/lib  -L/export/home/cv-pipe-a/jcrossle/ObitInstall/other/lib  conftest.c  >&5
/tmp/ccYezk4n.o: In function `main':
/export/home/cv-pipe-a/jcrossle/ObitInstall/ObitSystem/ObitView/conftest.c:46: undefined reference to `gzopen'
collect2: ld returned 1 exit status
configure:9120: $? = 1
configure: failed program was:
| /* confdefs.h.  */
| 
| #define PACKAGE_NAME "ObitView"
| #define PACKAGE_TARNAME "obitview"
| #define PACKAGE_VERSION "1.0"
| #define PACKAGE_STRING "ObitView 1.0"
| #define PACKAGE_BUGREPORT "bcotton@nrao.edu"
| #define PACKAGE "obitview"
| #define VERSION "1.0"
| #define STDC_HEADERS 1
| #define HAVE_SYS_TYPES_H 1
| #define HAVE_SYS_STAT_H 1
| #define HAVE_STDLIB_H 1
| #define HAVE_STRING_H 1
| #define HAVE_MEMORY_H 1
| #define HAVE_STRINGS_H 1
| #define HAVE_INTTYPES_H 1
| #define HAVE_STDINT_H 1
| #define HAVE_UNISTD_H 1
| #define HAVE_STDLIB_H 1
| #define HAVE_STRING_H 1
| #define HAVE_UNISTD_H 1
| #define HAVE_MOTIF 1
| #define HAVE_PLPLOT 1
| #define HAVE_LIBCFITSIO 1
| #define HAVE_CFITSIO 1
| #define HAVE__TMP_DUMMY1_FFTW3_H 1
| #define HAVE_FFTW3 1
| #define HAVE__TMP_DUMMY1_GSL_H 1
| #define HAVE_GSL 1
| #define HAVE__TMP_DUMMY1_XMLRPC_H 1
| #define HAVE_XMLRPC 1
| #define HAVE__TMP_DUMMY1_ZLIB_H 1
| /* end confdefs.h.  */
| 
| /* Override any gcc2 internal prototype to avoid an error.  */
| #ifdef __cplusplus
| extern "C"
| #endif
| /* We use char because int might match the return type of a gcc2
|    builtin and then its argument prototype would still apply.  */
| char gzopen ();
| int
| main ()
| {
| gzopen ();
|   ;
|   return 0;
| }
configure:9169: /usr/bin/gcc -o conftest -g -O2 -fPIC   -L/export/home/cv-pipe-a/jcrossle/ObitInstall/ObitSystem/Obit/lib  -L/export/home/cv-pipe-a/jcrossle/ObitInstall/other/lib  -L/export/home/cv-pipe-a/jcrossle/ObitInstall/other/lib  conftest.c -lz   >&5
configure:9175: $? = 0
configure:9179: test -z 
			 || test ! -s conftest.err
configure:9182: $? = 0
configure:9185: test -s conftest
configure:9188: $? = 0
configure:9203: result: -lz
configure:9464: checking for special C compiler options needed for large files
configure:9563: result: no
configure:9569: checking for _FILE_OFFSET_BITS value needed for large files
configure:9600: /usr/bin/gcc -c -g -O2 -fPIC  conftest.c >&5
configure:9606: $? = 0
configure:9610: test -z 
			 || test ! -s conftest.err
configure:9613: $? = 0
configure:9616: test -s conftest.o
configure:9619: $? = 0
configure:9684: result: no
configure:9694: checking for _LARGE_FILES value needed for large files
configure:9725: /usr/bin/gcc -c -g -O2 -fPIC  conftest.c >&5
configure:9731: $? = 0
configure:9735: test -z 
			 || test ! -s conftest.err
configure:9738: $? = 0
configure:9741: test -s conftest.o
configure:9744: $? = 0
configure:9809: result: no
configure:9841: checking for g_thread_init in -lgthread-2.0
configure:9871: /usr/bin/gcc -o conftest -g -O2 -fPIC  -L/export/home/cv-pipe-a/jcrossle/ObitInstall/ObitSystem/Obit/lib  -L/export/home/cv-pipe-a/jcrossle/ObitInstall/other/lib  -L/export/home/cv-pipe-a/jcrossle/ObitInstall/other/lib conftest.c -lgthread-2.0 -lpthread -L/export/home/cv-pipe-a/jcrossle/ObitInstall/other//lib -lgthread-2.0 -lglib-2.0    >&5
configure:9877: $? = 0
configure:9881: test -z 
			 || test ! -s conftest.err
configure:9884: $? = 0
configure:9887: test -s conftest
configure:9890: $? = 0
configure:9903: result: yes
configure:9971: checking for newObit in -lObit
configure:10001: /usr/bin/gcc -o conftest -g -O2 -fPIC   -I/export/home/cv-pipe-a/jcrossle/ObitInstall/ObitSystem/Obit/include -I/export/home/cv-pipe-a/jcrossle/ObitInstall/other//include/glib-2.0 -I/export/home/cv-pipe-a/jcrossle/ObitInstall/other//lib/glib-2.0/include   -I/export/home/cv-pipe-a/jcrossle/ObitInstall/ObitSystem/Obit/include -I/export/home/cv-pipe-a/jcrossle/ObitInstall/other//include/glib-2.0 -I/export/home/cv-pipe-a/jcrossle/ObitInstall/other//lib/glib-2.0/include   -L/export/home/cv-pipe-a/jcrossle/ObitInstall/ObitSystem/Obit/lib  -L/export/home/cv-pipe-a/jcrossle/ObitInstall/other/lib  -L/export/home/cv-pipe-a/jcrossle/ObitInstall/other/lib  -L/export/home/cv-pipe-a/jcrossle/ObitInstall/ObitSystem/Obit/lib/ -L/export/home/cv-pipe-a/jcrossle/ObitInstall/other//lib -lglib-2.0   -lpthread -L/export/home/cv-pipe-a/jcrossle/ObitInstall/other//lib -lgthread-2.0 -lglib-2.0   -lm -lcfitsio -L/export/home/cv-pipe-a/jcrossle/ObitInstall/ObitSystem/Obit/lib/ -L/export/home/cv-pipe-a/jcrossle/ObitInstall/other//lib -lglib-2.0   -lpthread -L/export/home/cv-pipe-a/jcrossle/ObitInstall/other//lib -lgthread-2.0 -lglib-2.0   -lm -lcfitsio conftest.c -lObit    -L/export/home/cv-pipe-a/jcrossle/ObitInstall/other/lib  -lxmlrpc -lxmlrpc_util -lxmlrpc_xmlparse -lxmlrpc_xmltok  -L/export/home/cv-pipe-a/jcrossle/ObitInstall/other/lib  -L/export/home/cv-pipe-a/jcrossle/ObitInstall/other/lib -lcurl -L/usr/kerberos/lib64 -L/export/home/cv-pipe-a/jcrossle/ObitInstall/other/lib/lib -lxmlrpc_client -lxmlrpc -lxmlrpc_util -lxmlrpc_xmlparse -lxmlrpc_xmltok -Wl,--rpath -Wl,/export/home/cv-pipe-a/jcrossle/ObitInstall/other/lib     -lgsl -lgslcblas   -lfftw3f -lxmlrpc_abyss -lxmlrpc_client -lxmlrpc_server_abyss -lxmlrpc_server_cgi -lxmlrpc_server -lxmlrpc -lxmlrpc_util -lxmlrpc_xmlparse -lxmlrpc_xmltok -lm -lcfitsio >&5
/usr/bin/ld: warning: libcurl.so.3, needed by /export/home/cv-pipe-a/jcrossle/ObitInstall/other/lib/libxmlrpc_client.so, may conflict with libcurl.so.4
configure:10007: $? = 0
configure:10011: test -z 
			 || test ! -s conftest.err
configure:10014: $? = 0
configure:10017: test -s conftest
configure:10020: $? = 0
configure:10033: result: yes
configure:10060: checking Obit.h usability
configure:10072: /usr/bin/gcc -c -g -O2 -fPIC   -I/export/home/cv-pipe-a/jcrossle/ObitInstall/ObitSystem/Obit/include -I/export/home/cv-pipe-a/jcrossle/ObitInstall/other//include/glib-2.0 -I/export/home/cv-pipe-a/jcrossle/ObitInstall/other//lib/glib-2.0/include   -I/export/home/cv-pipe-a/jcrossle/ObitInstall/ObitSystem/Obit/include -I/export/home/cv-pipe-a/jcrossle/ObitInstall/other//include/glib-2.0 -I/export/home/cv-pipe-a/jcrossle/ObitInstall/other//lib/glib-2.0/include   conftest.c >&5
configure:10078: $? = 0
configure:10082: test -z 
			 || test ! -s conftest.err
configure:10085: $? = 0
configure:10088: test -s conftest.o
configure:10091: $? = 0
configure:10101: result: yes
configure:10105: checking Obit.h presence
configure:10115: /usr/bin/gcc -E   -I/export/home/cv-pipe-a/jcrossle/ObitInstall/ObitSystem/Obit/include -I/export/home/cv-pipe-a/jcrossle/ObitInstall/other//include/glib-2.0 -I/export/home/cv-pipe-a/jcrossle/ObitInstall/other//lib/glib-2.0/include   -I/export/home/cv-pipe-a/jcrossle/ObitInstall/ObitSystem/Obit/include -I/export/home/cv-pipe-a/jcrossle/ObitInstall/other//include/glib-2.0 -I/export/home/cv-pipe-a/jcrossle/ObitInstall/other//lib/glib-2.0/include   conftest.c
configure:10121: $? = 0
configure:10141: result: yes
configure:10176: checking for Obit.h
configure:10183: result: yes
configure:10357: creating ./config.status

## ---------------------- ##
## Running config.status. ##
## ---------------------- ##

This file was extended by ObitView config.status 1.0, which was
generated by GNU Autoconf 2.59.  Invocation command line was

  CONFIG_FILES    = 
  CONFIG_HEADERS  = 
  CONFIG_LINKS    = 
  CONFIG_COMMANDS = 
  $ ./config.status 

on cv-pipe-a

config.status:733: creating Makefile
config.status:733: creating src/Makefile
config.status:916: executing depfiles commands

## ---------------- ##
## Cache variables. ##
## ---------------- ##

ac_cv_c_compiler_gnu=yes
ac_cv_c_const=yes
ac_cv_env_CC_set=set
ac_cv_env_CC_value=/usr/bin/gcc
ac_cv_env_CFLAGS_set=
ac_cv_env_CFLAGS_value=
ac_cv_env_CPPFLAGS_set=
ac_cv_env_CPPFLAGS_value=
ac_cv_env_CPP_set=
ac_cv_env_CPP_value=
ac_cv_env_LDFLAGS_set=set
ac_cv_env_LDFLAGS_value=-L/export/home/cv-pipe-a/jcrossle/ObitInstall/ObitSystem/Obit/lib
ac_cv_env_build_alias_set=
ac_cv_env_build_alias_value=
ac_cv_env_host_alias_set=
ac_cv_env_host_alias_value=
ac_cv_env_target_alias_set=
ac_cv_env_target_alias_value=
ac_cv_exeext=
ac_cv_func_connect=yes
ac_cv_func_gethostbyname=yes
ac_cv_func_remove=yes
ac_cv_func_shmat=yes
ac_cv_have_x='have_x=yes 		ac_x_includes= ac_x_libraries=/usr/lib64'
ac_cv_header_Obit_h=yes
ac_cv_header__tmp_dummy1_Xm_h=yes
ac_cv_header__tmp_dummy1_fftw3_h=yes
ac_cv_header__tmp_dummy1_fftw_h=no
ac_cv_header__tmp_dummy1_fitsio_h=yes
ac_cv_header__tmp_dummy1_gsl_h=yes
ac_cv_header__tmp_dummy1_plplot_h=yes
ac_cv_header__tmp_dummy1_xmlrpc_h=yes
ac_cv_header__tmp_dummy1_zlib_h=yes
ac_cv_header_inttypes_h=yes
ac_cv_header_memory_h=yes
ac_cv_header_stdc=yes
ac_cv_header_stdint_h=yes
ac_cv_header_stdlib_h=yes
ac_cv_header_string_h=yes
ac_cv_header_strings_h=yes
ac_cv_header_sys_stat_h=yes
ac_cv_header_sys_types_h=yes
ac_cv_header_unistd_h=yes
ac_cv_lib_ICE_IceConnectionNumber=yes
ac_cv_lib_Obit_newObit=yes
ac_cv_lib_cfitsio_ffinit=yes
ac_cv_lib_fftw3f_fftwf_execute=yes
ac_cv_lib_gthread_2_0_g_thread_init=yes
ac_cv_lib_plplot_c_plinit=yes
ac_cv_objext=o
ac_cv_path_PKG_CONFIG=/export/home/cv-pipe-a/jcrossle/ObitInstall/other/bin/pkg-config
ac_cv_path_install='/usr/bin/install -c'
ac_cv_prog_AWK=gawk
ac_cv_prog_CPP='/usr/bin/gcc -E'
ac_cv_prog_ac_ct_CC=/usr/bin/gcc
ac_cv_prog_ac_ct_RANLIB=ranlib
ac_cv_prog_cc_g=yes
ac_cv_prog_cc_stdc=
ac_cv_prog_egrep='grep -E'
ac_cv_prog_make_make_set=yes
ac_cv_search_XmGetPixmap=-lXm
ac_cv_search_cblas_isamax=-lgslcblas
ac_cv_search_gsl_fit_linear=-lgsl
ac_cv_search_gzopen=-lz
ac_cv_search_xmlrpc_env_init=-lxmlrpc
ac_cv_sys_file_offset_bits=no
ac_cv_sys_large_files=no
ac_cv_sys_largefile_CC=no
ac_cv_type_size_t=yes
am_cv_CC_dependencies_compiler_type=none

## ----------------- ##
## Output variables. ##
## ----------------- ##

ACLOCAL='${SHELL} /export/home/cv-pipe-a/jcrossle/ObitInstall/ObitSystem/ObitView/missing --run aclocal-1.9'
AMDEPBACKSLASH='\'
AMDEP_FALSE='#'
AMDEP_TRUE=''
AMTAR='${SHELL} /export/home/cv-pipe-a/jcrossle/ObitInstall/ObitSystem/ObitView/missing --run tar'
AUTOCONF='${SHELL} /export/home/cv-pipe-a/jcrossle/ObitInstall/ObitSystem/ObitView/missing --run autoconf'
AUTOHEADER='${SHELL} /export/home/cv-pipe-a/jcrossle/ObitInstall/ObitSystem/ObitView/missing --run autoheader'
AUTOMAKE='${SHELL} /export/home/cv-pipe-a/jcrossle/ObitInstall/ObitSystem/ObitView/missing --run automake-1.9'
AWK='gawk'
CC='/usr/bin/gcc'
CCDEPMODE='depmode=none'
CFITSIO_CPPFLAGS=' -I/export/home/cv-pipe-a/jcrossle/ObitInstall/other/include'
CFITSIO_LDFLAGS=' -L/export/home/cv-pipe-a/jcrossle/ObitInstall/other/lib'
CFITSIO_LIBS='-lcfitsio '
CFLAGS='-g -O2 -fPIC'
CPP='/usr/bin/gcc -E'
CPPFLAGS=''
CYGPATH_W='echo'
DEFS='-DPACKAGE_NAME=\"ObitView\" -DPACKAGE_TARNAME=\"obitview\" -DPACKAGE_VERSION=\"1.0\" -DPACKAGE_STRING=\"ObitView\ 1.0\" -DPACKAGE_BUGREPORT=\"bcotton@nrao.edu\" -DPACKAGE=\"obitview\" -DVERSION=\"1.0\" -DSTDC_HEADERS=1 -DHAVE_SYS_TYPES_H=1 -DHAVE_SYS_STAT_H=1 -DHAVE_STDLIB_H=1 -DHAVE_STRING_H=1 -DHAVE_MEMORY_H=1 -DHAVE_STRINGS_H=1 -DHAVE_INTTYPES_H=1 -DHAVE_STDINT_H=1 -DHAVE_UNISTD_H=1 -DHAVE_STDLIB_H=1 -DHAVE_STRING_H=1 -DHAVE_UNISTD_H=1 -DHAVE_MOTIF=1 -DHAVE_PLPLOT=1 -DHAVE_LIBCFITSIO=1 -DHAVE_CFITSIO=1 -DHAVE__TMP_DUMMY1_FFTW3_H=1 -DHAVE_FFTW3=1 -DHAVE__TMP_DUMMY1_GSL_H=1 -DHAVE_GSL=1 -DHAVE__TMP_DUMMY1_XMLRPC_H=1 -DHAVE_XMLRPC=1 -DHAVE__TMP_DUMMY1_ZLIB_H=1 -DHAVE_ZLIB=1 -DOBIT_THREADS_ENABLED=1 -DHAVE_LIBOBIT=1 -DHAVE_OBIT=1 '
DEPDIR='.deps'
ECHO_C=''
ECHO_N='-n'
ECHO_T=''
EGREP='grep -E'
EXEEXT=''
FFTW3_CPPFLAGS=' -I/export/home/cv-pipe-a/jcrossle/ObitInstall/other/include'
FFTW3_LDFLAGS=' -L/export/home/cv-pipe-a/jcrossle/ObitInstall/other/lib'
FFTW3_LIBS=' -lfftw3f'
FFTW_CPPFLAGS=''
FFTW_LDFLAGS=''
FFTW_LIBS=''
GLIB_CFLAGS='-I/export/home/cv-pipe-a/jcrossle/ObitInstall/other//include/glib-2.0 -I/export/home/cv-pipe-a/jcrossle/ObitInstall/other//lib/glib-2.0/include  '
GLIB_GENMARSHAL='glib-genmarshal'
GLIB_LIBS='-L/export/home/cv-pipe-a/jcrossle/ObitInstall/other//lib -lglib-2.0  '
GLIB_MKENUMS='glib-mkenums'
GOBJECT_QUERY='gobject-query'
GSL_CFLAGS=' -I/export/home/cv-pipe-a/jcrossle/ObitInstall/other/include'
GSL_LDFLAGS=' -L/export/home/cv-pipe-a/jcrossle/ObitInstall/other/lib'
GSL_LIBS='-lgsl -lgslcblas '
GTHREAD_LIBS='-lpthread -L/export/home/cv-pipe-a/jcrossle/ObitInstall/other//lib -lgthread-2.0 -lglib-2.0  '
INSTALL_DATA='${INSTALL} -m 644'
INSTALL_PROGRAM='${INSTALL}'
INSTALL_SCRIPT='${INSTALL}'
INSTALL_STRIP_PROGRAM='${SHELL} $(install_sh) -c -s'
LDFLAGS='-L/export/home/cv-pipe-a/jcrossle/ObitInstall/ObitSystem/Obit/lib  -L/export/home/cv-pipe-a/jcrossle/ObitInstall/other/lib  -L/export/home/cv-pipe-a/jcrossle/ObitInstall/other/lib'
LIBOBJS=''
LIBS='  -L/export/home/cv-pipe-a/jcrossle/ObitInstall/other/lib  -lxmlrpc -lxmlrpc_util -lxmlrpc_xmlparse -lxmlrpc_xmltok  -L/export/home/cv-pipe-a/jcrossle/ObitInstall/other/lib  -L/export/home/cv-pipe-a/jcrossle/ObitInstall/other/lib -lcurl -L/usr/kerberos/lib64 -L/export/home/cv-pipe-a/jcrossle/ObitInstall/other/lib/lib -lxmlrpc_client -lxmlrpc -lxmlrpc_util -lxmlrpc_xmlparse -lxmlrpc_xmltok -Wl,--rpath -Wl,/export/home/cv-pipe-a/jcrossle/ObitInstall/other/lib     -lgsl -lgslcblas   -lfftw3f -lxmlrpc_abyss -lxmlrpc_client -lxmlrpc_server_abyss -lxmlrpc_server_cgi -lxmlrpc_server -lxmlrpc -lxmlrpc_util -lxmlrpc_xmlparse -lxmlrpc_xmltok -lm -lcfitsio'
LTLIBOBJS=''
MAKEINFO='${SHELL} /export/home/cv-pipe-a/jcrossle/ObitInstall/ObitSystem/ObitView/missing --run makeinfo'
MOTIF_CPPFLAGS=' -I/export/home/cv-pipe-a/jcrossle/ObitInstall/other/include'
MOTIF_LDFLAGS=' -L/export/home/cv-pipe-a/jcrossle/ObitInstall/other/lib'
MOTIF_LIBS='-lXm  -lXt -lX11'
OBIT='/export/home/cv-pipe-a/jcrossle/ObitInstall/ObitSystem/Obit'
OBIT_CPPFLAGS=' -I/export/home/cv-pipe-a/jcrossle/ObitInstall/ObitSystem/Obit/include -I/export/home/cv-pipe-a/jcrossle/ObitInstall/other//include/glib-2.0 -I/export/home/cv-pipe-a/jcrossle/ObitInstall/other//lib/glib-2.0/include   -I/export/home/cv-pipe-a/jcrossle/ObitInstall/ObitSystem/Obit/include -I/export/home/cv-pipe-a/jcrossle/ObitInstall/other//include/glib-2.0 -I/export/home/cv-pipe-a/jcrossle/ObitInstall/other//lib/glib-2.0/include  '
OBIT_DIR='/export/home/cv-pipe-a/jcrossle/ObitInstall/ObitSystem/Obit'
OBIT_LDFLAGS=' -L/export/home/cv-pipe-a/jcrossle/ObitInstall/ObitSystem/Obit/lib/ -L/export/home/cv-pipe-a/jcrossle/ObitInstall/other//lib -lglib-2.0   -lpthread -L/export/home/cv-pipe-a/jcrossle/ObitInstall/other//lib -lgthread-2.0 -lglib-2.0   -lm -lcfitsio -L/export/home/cv-pipe-a/jcrossle/ObitInstall/ObitSystem/Obit/lib/ -L/export/home/cv-pipe-a/jcrossle/ObitInstall/other//lib -lglib-2.0   -lpthread -L/export/home/cv-pipe-a/jcrossle/ObitInstall/other//lib -lgthread-2.0 -lglib-2.0   -lm -lcfitsio'
OBIT_LIBS='-lObit   -L/export/home/cv-pipe-a/jcrossle/ObitInstall/other/lib  -lxmlrpc -lxmlrpc_util -lxmlrpc_xmlparse -lxmlrpc_xmltok  -L/export/home/cv-pipe-a/jcrossle/ObitInstall/other/lib  -L/export/home/cv-pipe-a/jcrossle/ObitInstall/other/lib -lcurl -L/usr/kerberos/lib64 -L/export/home/cv-pipe-a/jcrossle/ObitInstall/other/lib/lib -lxmlrpc_client -lxmlrpc -lxmlrpc_util -lxmlrpc_xmlparse -lxmlrpc_xmltok -Wl,--rpath -Wl,/export/home/cv-pipe-a/jcrossle/ObitInstall/other/lib     -lgsl -lgslcblas   -lfftw3f -lxmlrpc_abyss -lxmlrpc_client -lxmlrpc_server_abyss -lxmlrpc_server_cgi -lxmlrpc_server -lxmlrpc -lxmlrpc_util -lxmlrpc_xmlparse -lxmlrpc_xmltok -lm -lcfitsio'
OBJEXT='o'
PACKAGE='obitview'
PACKAGE_BUGREPORT='bcotton@nrao.edu'
PACKAGE_NAME='ObitView'
PACKAGE_STRING='ObitView 1.0'
PACKAGE_TARNAME='obitview'
PACKAGE_VERSION='1.0'
PATH_SEPARATOR=':'
PKG_CONFIG='/export/home/cv-pipe-a/jcrossle/ObitInstall/other/bin/pkg-config'
PLPLOT_CFLAGS=' -I/export/home/cv-pipe-a/jcrossle/ObitInstall/other/include/plplot'
PLPLOT_CPPFLAGS=' -I/export/home/cv-pipe-a/jcrossle/ObitInstall/other/include/plplot'
PLPLOT_LDFLAGS=' -L/export/home/cv-pipe-a/jcrossle/ObitInstall/other/lib'
PLPLOT_LIBS='-lplplot /export/home/cv-pipe-a/jcrossle/ObitInstall/other//lib/libplplot.so -lfreetype /export/home/cv-pipe-a/jcrossle/ObitInstall/other//lib/libcsirocsa.so -ldl -lm -Wl,--rpath -Wl,/export/home/cv-pipe-a/jcrossle/ObitInstall/other//lib -Wl,--rpath -Wl,/export/home/cv-pipe-a/jcrossle/ObitInstall/other//lib'
RANLIB='ranlib'
SET_MAKE=''
SHELL='/bin/sh'
STRIP=''
VERSION='1.0'
WWWLIB_WL_RPATH=''
WWW_LIBS=''
XMLRPC_CLIENT_CPPFLAGS='  -I/export/home/cv-pipe-a/jcrossle/ObitInstall/other/include  -I/export/home/cv-pipe-a/jcrossle/ObitInstall/other/include'
XMLRPC_CLIENT_LDFLAGS='-L/export/home/cv-pipe-a/jcrossle/ObitInstall/ObitSystem/Obit/lib  -L/export/home/cv-pipe-a/jcrossle/ObitInstall/other/lib  -L/export/home/cv-pipe-a/jcrossle/ObitInstall/other/lib -L/export/home/cv-pipe-a/jcrossle/ObitInstall/ObitSystem/Obit/lib  -L/export/home/cv-pipe-a/jcrossle/ObitInstall/other/lib  -L/export/home/cv-pipe-a/jcrossle/ObitInstall/other/lib '
XMLRPC_CLIENT_LIBS=' -lxmlrpc_client -lcurl -L/export/home/cv-pipe-a/jcrossle/ObitInstall/other/lib  -lxmlrpc -lxmlrpc_util -lxmlrpc_xmlparse -lxmlrpc_xmltok  -L/export/home/cv-pipe-a/jcrossle/ObitInstall/other/lib  -L/export/home/cv-pipe-a/jcrossle/ObitInstall/other/lib -lcurl -L/usr/kerberos/lib64 -L/export/home/cv-pipe-a/jcrossle/ObitInstall/other/lib/lib -lxmlrpc_client -lxmlrpc -lxmlrpc_util -lxmlrpc_xmlparse -lxmlrpc_xmltok -Wl,--rpath -Wl,/export/home/cv-pipe-a/jcrossle/ObitInstall/other/lib    '
XMLRPC_CPPFLAGS=' -I/export/home/cv-pipe-a/jcrossle/ObitInstall/other/include'
XMLRPC_LDFLAGS='-L/export/home/cv-pipe-a/jcrossle/ObitInstall/ObitSystem/Obit/lib  -L/export/home/cv-pipe-a/jcrossle/ObitInstall/other/lib  -L/export/home/cv-pipe-a/jcrossle/ObitInstall/other/lib '
XMLRPC_LIBS=' -L/export/home/cv-pipe-a/jcrossle/ObitInstall/other/lib  -lxmlrpc -lxmlrpc_util -lxmlrpc_xmlparse -lxmlrpc_xmltok  -L/export/home/cv-pipe-a/jcrossle/ObitInstall/other/lib  -L/export/home/cv-pipe-a/jcrossle/ObitInstall/other/lib -lcurl -L/usr/kerberos/lib64 -L/export/home/cv-pipe-a/jcrossle/ObitInstall/other/lib/lib -lxmlrpc_client -lxmlrpc -lxmlrpc_util -lxmlrpc_xmlparse -lxmlrpc_xmltok -Wl,--rpath -Wl,/export/home/cv-pipe-a/jcrossle/ObitInstall/other/lib     -lgsl -lgslcblas   -lfftw3f -lxmlrpc_abyss -lxmlrpc_client -lxmlrpc_server_abyss -lxmlrpc_server_cgi -lxmlrpc_server -lxmlrpc -lxmlrpc_util -lxmlrpc_xmlparse -lxmlrpc_xmltok'
XMLRPC_SERVER_CPPFLAGS='  -I/export/home/cv-pipe-a/jcrossle/ObitInstall/other/include  -I/export/home/cv-pipe-a/jcrossle/ObitInstall/other/include'
XMLRPC_SERVER_LDFLAGS='-L/export/home/cv-pipe-a/jcrossle/ObitInstall/ObitSystem/Obit/lib  -L/export/home/cv-pipe-a/jcrossle/ObitInstall/other/lib  -L/export/home/cv-pipe-a/jcrossle/ObitInstall/other/lib -L/export/home/cv-pipe-a/jcrossle/ObitInstall/ObitSystem/Obit/lib  -L/export/home/cv-pipe-a/jcrossle/ObitInstall/other/lib  -L/export/home/cv-pipe-a/jcrossle/ObitInstall/other/lib '
XMLRPC_SERVER_LIBS=' -L/export/home/cv-pipe-a/jcrossle/ObitInstall/other/lib  -lxmlrpc_server_abyss -lxmlrpc_server -lxmlrpc_abyss  -lpthread -lxmlrpc -lxmlrpc_util -lxmlrpc_xmlparse -lxmlrpc_xmltok  '
X_CFLAGS=''
X_EXTRA_LIBS=''
X_LIBS=' -L/usr/lib64'
X_PRE_LIBS=' -lSM -lICE'
ZLIB_CFLAGS=''
ZLIB_LDFLAGS=''
ZLIB_LIBS='-lz '
ac_ct_CC='/usr/bin/gcc'
ac_ct_RANLIB='ranlib'
ac_ct_STRIP=''
am__fastdepCC_FALSE=''
am__fastdepCC_TRUE='#'
am__include='include'
am__leading_dot='.'
am__quote=''
am__tar='${AMTAR} chof - "$$tardir"'
am__untar='${AMTAR} xf -'
bindir='${exec_prefix}/bin'
build_alias=''
datadir='${prefix}/share'
exec_prefix='/export/home/cv-pipe-a/jcrossle/ObitInstall'
host_alias=''
includedir='${prefix}/include'
infodir='${prefix}/info'
install_sh='/export/home/cv-pipe-a/jcrossle/ObitInstall/ObitSystem/ObitView/install-sh'
libdir='${exec_prefix}/lib'
libexecdir='${exec_prefix}/libexec'
localstatedir='${prefix}/var'
mandir='${prefix}/man'
mkdir_p='mkdir -p --'
oldincludedir='/usr/include'
prefix='/usr/local'
program_transform_name='s,x,x,'
sbindir='${exec_prefix}/sbin'
sharedstatedir='${prefix}/com'
sysconfdir='${prefix}/etc'
target_alias=''

## ----------- ##
## confdefs.h. ##
## ----------- ##

#define HAVE_CFITSIO 1
#define HAVE_FFTW3 1
#define HAVE_GSL 1
#define HAVE_INTTYPES_H 1
#define HAVE_LIBCFITSIO 1
#define HAVE_LIBOBIT 1
#define HAVE_MEMORY_H 1
#define HAVE_MOTIF 1
#define HAVE_OBIT 1
#define HAVE_PLPLOT 1
#define HAVE_STDINT_H 1
#define HAVE_STDLIB_H 1
#define HAVE_STDLIB_H 1
#define HAVE_STRINGS_H 1
#define HAVE_STRING_H 1
#define HAVE_STRING_H 1
#define HAVE_SYS_STAT_H 1
#define HAVE_SYS_TYPES_H 1
#define HAVE_UNISTD_H 1
#define HAVE_UNISTD_H 1
#define HAVE_XMLRPC 1
#define HAVE_ZLIB 1
#define HAVE__TMP_DUMMY1_FFTW3_H 1
#define HAVE__TMP_DUMMY1_GSL_H 1
#define HAVE__TMP_DUMMY1_XMLRPC_H 1
#define HAVE__TMP_DUMMY1_ZLIB_H 1
#define OBIT_THREADS_ENABLED 1
#define PACKAGE "obitview"
#define PACKAGE_BUGREPORT "bcotton@nrao.edu"
#define PACKAGE_NAME "ObitView"
#define PACKAGE_STRING "ObitView 1.0"
#define PACKAGE_TARNAME "obitview"
#define PACKAGE_VERSION "1.0"
#define STDC_HEADERS 1
#define VERSION "1.0"

configure: exit 0
