This is TeX, Version 3.14159 (Web2C 7.4.5) (format=latex 2006.1.9)  15 MAR 2009 09:44
**OBITdoc
(./OBITdoc.tex
LaTeX2e <2001/06/01>
Babel <v3.7h> and hyphenation patterns for american, french, german, ngerman, n
ohyphenation, loaded.
(/usr/share/texmf/tex/latex/base/article.cls
Document Class: article 2001/04/21 v1.4e Standard LaTeX document class
(/usr/share/texmf/tex/latex/base/size11.clo
File: size11.clo 2001/04/21 v1.4e Standard LaTeX file (size option)
)
\c@part=\count79
\c@section=\count80
\c@subsection=\count81
\c@subsubsection=\count82
\c@paragraph=\count83
\c@subparagraph=\count84
\c@figure=\count85
\c@table=\count86
\abovecaptionskip=\skip41
\belowcaptionskip=\skip42
\bibindent=\dimen102
) (./OBITdoc.sty
Document Style `Obit'. 
\classname=\toks14
) (./OBITdoc.aux)
\openout1 = `OBITdoc.aux'.

LaTeX Font Info:    Checking defaults for OML/cmm/m/it on input line 14.
LaTeX Font Info:    ... okay on input line 14.
LaTeX Font Info:    Checking defaults for T1/cmr/m/n on input line 14.
LaTeX Font Info:    ... okay on input line 14.
LaTeX Font Info:    Checking defaults for OT1/cmr/m/n on input line 14.
LaTeX Font Info:    ... okay on input line 14.
LaTeX Font Info:    Checking defaults for OMS/cmsy/m/n on input line 14.
LaTeX Font Info:    ... okay on input line 14.
LaTeX Font Info:    Checking defaults for OMX/cmex/m/n on input line 14.
LaTeX Font Info:    ... okay on input line 14.
LaTeX Font Info:    Checking defaults for U/cmr/m/n on input line 14.
LaTeX Font Info:    ... okay on input line 14.
 [1

] (./OBITdoc.toc
LaTeX Font Info:    External font `cmex10' loaded for size
(Font)              <10.95> on input line 3.
LaTeX Font Info:    External font `cmex10' loaded for size
(Font)              <8> on input line 3.
LaTeX Font Info:    External font `cmex10' loaded for size
(Font)              <6> on input line 3.
 [2

] [3] [4] [5] [6] [7])
\tf@toc=\write3
\openout3 = `OBITdoc.toc'.

 [8] [9

] [10]
[11]
Overfull \hbox (37.59569pt too wide) in paragraph at lines 286--297
\OT1/cmr/m/n/10.95 nosed us-ing the memwatch pack-age (as mod-i-fied for glib/O
bit) from Jo-han Lindh (http://www.linkdata.se/)
 []

[12]
LaTeX Font Info:    Try loading font information for OMS+cmr on input line 319.

 (/usr/share/texmf/tex/latex/base/omscmr.fd
File: omscmr.fd 1999/05/25 v2.5h Standard LaTeX font definitions
)
LaTeX Font Info:    Font shape `OMS/cmr/m/n' in size <10.95> not available
(Font)              Font shape `OMS/cmsy/m/n' tried instead on input line 319.
 [13]
Overfull \hbox (9.66005pt too wide) in paragraph at lines 376--386
[]\OT1/cmr/m/n/10.95 Obit ob-jects have ex-plicit cre-ators but no ex-plicit de
-struc-tors. In-stead, a ref-er-enc-ing/defererencing
 []

[14]
Overfull \hbox (49.90434pt too wide) in paragraph at lines 468--474
\OT1/cmr/m/n/10.95 Obit ob-jects are ex-plic-itly cre-ated by a con-struc-tor. 
The de-fault con-struc-tor has the name new[ObitClassname]
 []

[15]
LaTeX Font Info:    External font `cmex10' loaded for size
(Font)              <9> on input line 505.
LaTeX Font Info:    External font `cmex10' loaded for size
(Font)              <5> on input line 505.

Underfull \hbox (badness 3354) in paragraph at lines 505--505
[][]\OT1/cmr/m/n/9 The fit-sio li-brary is a pack-age of For-tran and c lan-gua
ge callable rou-tines and is avail-able at
 []

[16] [17]
Overfull \hbox (31.74553pt too wide) in paragraph at lines 641--644
\OT1/cmr/m/n/10.95 gen-er-ate doc-u-men-ta-tion. The class doc-u-men-ta-tion in
 html for-mat starts at doc/doxygen/html/index.html. 
 []

[18] [19]
Overfull \hbox (0.26903pt too wide) in paragraph at lines 762--762
 []      \OT1/cmtt/m/n/10.95 ObitDConCleanPixelHist   Get image pixel histogram
 (one or more images)[] 
 []

[20] [21] [22]
Overfull \hbox (12.83235pt too wide) in paragraph at lines 881--884
[]\OT1/cmr/m/n/10.95 When us-ing Obit from python, spec-ify the PYTHON-PATH en-
vi-ron-ment vari-able as ``Obit/python''
 []

[23]
Overfull \hbox (28.61015pt too wide) in paragraph at lines 955--958
\OT1/cmr/m/n/10.95 Basic FITS I/O pack-age. Avail-able at http://heasarc.gsfc.n
asa.gov/docs/software/fitsio/fitsio.html. 
 []

[24] [25]
Overfull \hbox (70.62166pt too wide) in paragraph at lines 1138--1138
[]\OT1/cmtt/m/n/10.95 UVImage(err, input={'Channel': 0, 'DoBeam': True, 'DoWeig
ht': False, 'InData': None, 'OutImage[] 
 []


Overfull \hbox (70.62166pt too wide) in paragraph at lines 1138--1138
[]\OT1/cmtt/m/n/10.95 s': None, 'Robust': 0.0, 'TimeRange': [0.0, 0.0, 0.0, 0.0
, 0.0, 0.0, 0.0, 0.0], 'UVTaper': [0.[] 
 []

[26] [27] [28] [29] [30]
Overfull \hbox (13.13478pt too wide) in paragraph at lines 1415--1415
[]    \OT1/cmtt/m/n/10.95 ObitImageSetAIPS (inImage, OBIT_IO_byPlane, disk, cno
, AIPSuser, blc, trc, err);[] 
 []

[31] [32]
Overfull \hbox (10.19023pt too wide) in paragraph at lines 1430--1434
[]\OT1/cmr/m/n/10.95 tablekey[\OMS/cmsy/m/n/10.95 f\OT1/cmr/m/n/10.95 name\OMS/
cmsy/m/n/10.95 gf\OT1/cmr/m/n/10.95 type code\OMS/cmsy/m/n/10.95 gf \OT1/cmr/m/
n/10.95 soft-ware name\OMS/cmsy/m/n/10.95 g f\OT1/cmr/m/n/10.95 default value\O
MS/cmsy/m/n/10.95 g f\OT1/cmr/m/n/10.95 (range of in-dices)\OMS/cmsy/m/n/10.95 
g f\OT1/cmr/m/n/10.95 description\OMS/cmsy/m/n/10.95 g\OT1/cmr/m/n/10.95 ] 
 []

[33] [34

]
Overfull \hbox (13.63206pt too wide) in paragraph at lines 1509--1509
\OT1/cmr/m/n/10.95 trary. Al-lowed data types are: \OT1/cmr/bx/n/10.95 I\OT1/cm
r/m/n/10.95 =integer(16-bit), \OT1/cmr/bx/n/10.95 J\OT1/cmr/m/n/10.95 =integer(
32-bit), \OT1/cmr/bx/n/10.95 E\OT1/cmr/m/n/10.95 =real, \OT1/cmr/bx/n/10.95 D\O
T1/cmr/m/n/10.95 =double, \OT1/cmr/bx/n/10.95 A\OT1/cmr/m/n/10.95 =character,
 []

[35

] [36] [37] [38]
Overfull \hbox (13.63206pt too wide) in paragraph at lines 1663--1663
\OT1/cmr/m/n/10.95 trary. Al-lowed data types are: \OT1/cmr/bx/n/10.95 I\OT1/cm
r/m/n/10.95 =integer(16-bit), \OT1/cmr/bx/n/10.95 J\OT1/cmr/m/n/10.95 =integer(
32-bit), \OT1/cmr/bx/n/10.95 E\OT1/cmr/m/n/10.95 =real, \OT1/cmr/bx/n/10.95 D\O
T1/cmr/m/n/10.95 =double, \OT1/cmr/bx/n/10.95 A\OT1/cmr/m/n/10.95 =character,
 []

[39

] [40] [41]
Overfull \hbox (13.63206pt too wide) in paragraph at lines 1779--1779
\OT1/cmr/m/n/10.95 trary. Al-lowed data types are: \OT1/cmr/bx/n/10.95 I\OT1/cm
r/m/n/10.95 =integer(16-bit), \OT1/cmr/bx/n/10.95 J\OT1/cmr/m/n/10.95 =integer(
32-bit), \OT1/cmr/bx/n/10.95 E\OT1/cmr/m/n/10.95 =real, \OT1/cmr/bx/n/10.95 D\O
T1/cmr/m/n/10.95 =double, \OT1/cmr/bx/n/10.95 A\OT1/cmr/m/n/10.95 =character,
 []

[42

] [43]
Overfull \hbox (13.63206pt too wide) in paragraph at lines 1860--1860
\OT1/cmr/m/n/10.95 trary. Al-lowed data types are: \OT1/cmr/bx/n/10.95 I\OT1/cm
r/m/n/10.95 =integer(16-bit), \OT1/cmr/bx/n/10.95 J\OT1/cmr/m/n/10.95 =integer(
32-bit), \OT1/cmr/bx/n/10.95 E\OT1/cmr/m/n/10.95 =real, \OT1/cmr/bx/n/10.95 D\O
T1/cmr/m/n/10.95 =double, \OT1/cmr/bx/n/10.95 A\OT1/cmr/m/n/10.95 =character,
 []

[44

] [45] [46]
Overfull \hbox (13.63206pt too wide) in paragraph at lines 1963--1963
\OT1/cmr/m/n/10.95 trary. Al-lowed data types are: \OT1/cmr/bx/n/10.95 I\OT1/cm
r/m/n/10.95 =integer(16-bit), \OT1/cmr/bx/n/10.95 J\OT1/cmr/m/n/10.95 =integer(
32-bit), \OT1/cmr/bx/n/10.95 E\OT1/cmr/m/n/10.95 =real, \OT1/cmr/bx/n/10.95 D\O
T1/cmr/m/n/10.95 =double, \OT1/cmr/bx/n/10.95 A\OT1/cmr/m/n/10.95 =character,
 []

[47

] [48]
Overfull \hbox (13.63206pt too wide) in paragraph at lines 2021--2021
\OT1/cmr/m/n/10.95 trary. Al-lowed data types are: \OT1/cmr/bx/n/10.95 I\OT1/cm
r/m/n/10.95 =integer(16-bit), \OT1/cmr/bx/n/10.95 J\OT1/cmr/m/n/10.95 =integer(
32-bit), \OT1/cmr/bx/n/10.95 E\OT1/cmr/m/n/10.95 =real, \OT1/cmr/bx/n/10.95 D\O
T1/cmr/m/n/10.95 =double, \OT1/cmr/bx/n/10.95 A\OT1/cmr/m/n/10.95 =character,
 []

[49

] [50] [51]
Overfull \hbox (13.63206pt too wide) in paragraph at lines 2145--2145
\OT1/cmr/m/n/10.95 trary. Al-lowed data types are: \OT1/cmr/bx/n/10.95 I\OT1/cm
r/m/n/10.95 =integer(16-bit), \OT1/cmr/bx/n/10.95 J\OT1/cmr/m/n/10.95 =integer(
32-bit), \OT1/cmr/bx/n/10.95 E\OT1/cmr/m/n/10.95 =real, \OT1/cmr/bx/n/10.95 D\O
T1/cmr/m/n/10.95 =double, \OT1/cmr/bx/n/10.95 A\OT1/cmr/m/n/10.95 =character,
 []

[52

] [53] [54]
Overfull \hbox (13.63206pt too wide) in paragraph at lines 2232--2232
\OT1/cmr/m/n/10.95 trary. Al-lowed data types are: \OT1/cmr/bx/n/10.95 I\OT1/cm
r/m/n/10.95 =integer(16-bit), \OT1/cmr/bx/n/10.95 J\OT1/cmr/m/n/10.95 =integer(
32-bit), \OT1/cmr/bx/n/10.95 E\OT1/cmr/m/n/10.95 =real, \OT1/cmr/bx/n/10.95 D\O
T1/cmr/m/n/10.95 =double, \OT1/cmr/bx/n/10.95 A\OT1/cmr/m/n/10.95 =character,
 []

[55

] [56] [57] [58] [59] [60

] [61]
Overfull \hbox (13.63206pt too wide) in paragraph at lines 2475--2475
\OT1/cmr/m/n/10.95 trary. Al-lowed data types are: \OT1/cmr/bx/n/10.95 I\OT1/cm
r/m/n/10.95 =integer(16-bit), \OT1/cmr/bx/n/10.95 J\OT1/cmr/m/n/10.95 =integer(
32-bit), \OT1/cmr/bx/n/10.95 E\OT1/cmr/m/n/10.95 =real, \OT1/cmr/bx/n/10.95 D\O
T1/cmr/m/n/10.95 =double, \OT1/cmr/bx/n/10.95 A\OT1/cmr/m/n/10.95 =character,
 []

[62

] [63]
Overfull \hbox (13.63206pt too wide) in paragraph at lines 2531--2531
\OT1/cmr/m/n/10.95 trary. Al-lowed data types are: \OT1/cmr/bx/n/10.95 I\OT1/cm
r/m/n/10.95 =integer(16-bit), \OT1/cmr/bx/n/10.95 J\OT1/cmr/m/n/10.95 =integer(
32-bit), \OT1/cmr/bx/n/10.95 E\OT1/cmr/m/n/10.95 =real, \OT1/cmr/bx/n/10.95 D\O
T1/cmr/m/n/10.95 =double, \OT1/cmr/bx/n/10.95 A\OT1/cmr/m/n/10.95 =character,
 []

[64

] [65] [66]
Overfull \hbox (13.63206pt too wide) in paragraph at lines 2615--2615
\OT1/cmr/m/n/10.95 trary. Al-lowed data types are: \OT1/cmr/bx/n/10.95 I\OT1/cm
r/m/n/10.95 =integer(16-bit), \OT1/cmr/bx/n/10.95 J\OT1/cmr/m/n/10.95 =integer(
32-bit), \OT1/cmr/bx/n/10.95 E\OT1/cmr/m/n/10.95 =real, \OT1/cmr/bx/n/10.95 D\O
T1/cmr/m/n/10.95 =double, \OT1/cmr/bx/n/10.95 A\OT1/cmr/m/n/10.95 =character,
 []

[67

] [68] [69]
Overfull \hbox (13.63206pt too wide) in paragraph at lines 2735--2735
\OT1/cmr/m/n/10.95 trary. Al-lowed data types are: \OT1/cmr/bx/n/10.95 I\OT1/cm
r/m/n/10.95 =integer(16-bit), \OT1/cmr/bx/n/10.95 J\OT1/cmr/m/n/10.95 =integer(
32-bit), \OT1/cmr/bx/n/10.95 E\OT1/cmr/m/n/10.95 =real, \OT1/cmr/bx/n/10.95 D\O
T1/cmr/m/n/10.95 =double, \OT1/cmr/bx/n/10.95 A\OT1/cmr/m/n/10.95 =character,
 []

[70

] [71]
Overfull \hbox (13.63206pt too wide) in paragraph at lines 2806--2806
\OT1/cmr/m/n/10.95 trary. Al-lowed data types are: \OT1/cmr/bx/n/10.95 I\OT1/cm
r/m/n/10.95 =integer(16-bit), \OT1/cmr/bx/n/10.95 J\OT1/cmr/m/n/10.95 =integer(
32-bit), \OT1/cmr/bx/n/10.95 E\OT1/cmr/m/n/10.95 =real, \OT1/cmr/bx/n/10.95 D\O
T1/cmr/m/n/10.95 =double, \OT1/cmr/bx/n/10.95 A\OT1/cmr/m/n/10.95 =character,
 []

[72

] [73] [74] [75]
Overfull \hbox (13.63206pt too wide) in paragraph at lines 2935--2935
\OT1/cmr/m/n/10.95 trary. Al-lowed data types are: \OT1/cmr/bx/n/10.95 I\OT1/cm
r/m/n/10.95 =integer(16-bit), \OT1/cmr/bx/n/10.95 J\OT1/cmr/m/n/10.95 =integer(
32-bit), \OT1/cmr/bx/n/10.95 E\OT1/cmr/m/n/10.95 =real, \OT1/cmr/bx/n/10.95 D\O
T1/cmr/m/n/10.95 =double, \OT1/cmr/bx/n/10.95 A\OT1/cmr/m/n/10.95 =character,
 []

[76

] [77] [78] [79] [80] [81

] [82]
Overfull \hbox (13.63206pt too wide) in paragraph at lines 3167--3167
\OT1/cmr/m/n/10.95 trary. Al-lowed data types are: \OT1/cmr/bx/n/10.95 I\OT1/cm
r/m/n/10.95 =integer(16-bit), \OT1/cmr/bx/n/10.95 J\OT1/cmr/m/n/10.95 =integer(
32-bit), \OT1/cmr/bx/n/10.95 E\OT1/cmr/m/n/10.95 =real, \OT1/cmr/bx/n/10.95 D\O
T1/cmr/m/n/10.95 =double, \OT1/cmr/bx/n/10.95 A\OT1/cmr/m/n/10.95 =character,
 []

[83

] [84]
Overfull \hbox (13.63206pt too wide) in paragraph at lines 3232--3232
\OT1/cmr/m/n/10.95 trary. Al-lowed data types are: \OT1/cmr/bx/n/10.95 I\OT1/cm
r/m/n/10.95 =integer(16-bit), \OT1/cmr/bx/n/10.95 J\OT1/cmr/m/n/10.95 =integer(
32-bit), \OT1/cmr/bx/n/10.95 E\OT1/cmr/m/n/10.95 =real, \OT1/cmr/bx/n/10.95 D\O
T1/cmr/m/n/10.95 =double, \OT1/cmr/bx/n/10.95 A\OT1/cmr/m/n/10.95 =character,
 []

[85

] [86]
Overfull \hbox (13.63206pt too wide) in paragraph at lines 3303--3303
\OT1/cmr/m/n/10.95 trary. Al-lowed data types are: \OT1/cmr/bx/n/10.95 I\OT1/cm
r/m/n/10.95 =integer(16-bit), \OT1/cmr/bx/n/10.95 J\OT1/cmr/m/n/10.95 =integer(
32-bit), \OT1/cmr/bx/n/10.95 E\OT1/cmr/m/n/10.95 =real, \OT1/cmr/bx/n/10.95 D\O
T1/cmr/m/n/10.95 =double, \OT1/cmr/bx/n/10.95 A\OT1/cmr/m/n/10.95 =character,
 []

[87

] [88] [89]
Overfull \hbox (13.63206pt too wide) in paragraph at lines 3386--3386
\OT1/cmr/m/n/10.95 trary. Al-lowed data types are: \OT1/cmr/bx/n/10.95 I\OT1/cm
r/m/n/10.95 =integer(16-bit), \OT1/cmr/bx/n/10.95 J\OT1/cmr/m/n/10.95 =integer(
32-bit), \OT1/cmr/bx/n/10.95 E\OT1/cmr/m/n/10.95 =real, \OT1/cmr/bx/n/10.95 D\O
T1/cmr/m/n/10.95 =double, \OT1/cmr/bx/n/10.95 A\OT1/cmr/m/n/10.95 =character,
 []


Underfull \hbox (badness 10000) in paragraph at lines 3388--3389

 []

[90

] [91] [92]
Overfull \hbox (13.63206pt too wide) in paragraph at lines 3478--3478
\OT1/cmr/m/n/10.95 trary. Al-lowed data types are: \OT1/cmr/bx/n/10.95 I\OT1/cm
r/m/n/10.95 =integer(16-bit), \OT1/cmr/bx/n/10.95 J\OT1/cmr/m/n/10.95 =integer(
32-bit), \OT1/cmr/bx/n/10.95 E\OT1/cmr/m/n/10.95 =real, \OT1/cmr/bx/n/10.95 D\O
T1/cmr/m/n/10.95 =double, \OT1/cmr/bx/n/10.95 A\OT1/cmr/m/n/10.95 =character,
 []

[93

] [94] [95]
Overfull \hbox (13.63206pt too wide) in paragraph at lines 3588--3588
\OT1/cmr/m/n/10.95 trary. Al-lowed data types are: \OT1/cmr/bx/n/10.95 I\OT1/cm
r/m/n/10.95 =integer(16-bit), \OT1/cmr/bx/n/10.95 J\OT1/cmr/m/n/10.95 =integer(
32-bit), \OT1/cmr/bx/n/10.95 E\OT1/cmr/m/n/10.95 =real, \OT1/cmr/bx/n/10.95 D\O
T1/cmr/m/n/10.95 =double, \OT1/cmr/bx/n/10.95 A\OT1/cmr/m/n/10.95 =character,
 []

[96

] [97] [98]
Overfull \hbox (13.63206pt too wide) in paragraph at lines 3696--3696
\OT1/cmr/m/n/10.95 trary. Al-lowed data types are: \OT1/cmr/bx/n/10.95 I\OT1/cm
r/m/n/10.95 =integer(16-bit), \OT1/cmr/bx/n/10.95 J\OT1/cmr/m/n/10.95 =integer(
32-bit), \OT1/cmr/bx/n/10.95 E\OT1/cmr/m/n/10.95 =real, \OT1/cmr/bx/n/10.95 D\O
T1/cmr/m/n/10.95 =double, \OT1/cmr/bx/n/10.95 A\OT1/cmr/m/n/10.95 =character,
 []

[99

] [100]
Overfull \hbox (13.63206pt too wide) in paragraph at lines 3769--3769
\OT1/cmr/m/n/10.95 trary. Al-lowed data types are: \OT1/cmr/bx/n/10.95 I\OT1/cm
r/m/n/10.95 =integer(16-bit), \OT1/cmr/bx/n/10.95 J\OT1/cmr/m/n/10.95 =integer(
32-bit), \OT1/cmr/bx/n/10.95 E\OT1/cmr/m/n/10.95 =real, \OT1/cmr/bx/n/10.95 D\O
T1/cmr/m/n/10.95 =double, \OT1/cmr/bx/n/10.95 A\OT1/cmr/m/n/10.95 =character,
 []

[101

] [102] [103] [104] [105]
Overfull \hbox (13.63206pt too wide) in paragraph at lines 3952--3952
\OT1/cmr/m/n/10.95 trary. Al-lowed data types are: \OT1/cmr/bx/n/10.95 I\OT1/cm
r/m/n/10.95 =integer(16-bit), \OT1/cmr/bx/n/10.95 J\OT1/cmr/m/n/10.95 =integer(
32-bit), \OT1/cmr/bx/n/10.95 E\OT1/cmr/m/n/10.95 =real, \OT1/cmr/bx/n/10.95 D\O
T1/cmr/m/n/10.95 =double, \OT1/cmr/bx/n/10.95 A\OT1/cmr/m/n/10.95 =character,
 []

[106

] [107]
Overfull \hbox (13.63206pt too wide) in paragraph at lines 4010--4010
\OT1/cmr/m/n/10.95 trary. Al-lowed data types are: \OT1/cmr/bx/n/10.95 I\OT1/cm
r/m/n/10.95 =integer(16-bit), \OT1/cmr/bx/n/10.95 J\OT1/cmr/m/n/10.95 =integer(
32-bit), \OT1/cmr/bx/n/10.95 E\OT1/cmr/m/n/10.95 =real, \OT1/cmr/bx/n/10.95 D\O
T1/cmr/m/n/10.95 =double, \OT1/cmr/bx/n/10.95 A\OT1/cmr/m/n/10.95 =character,
 []

[108

] [109]
Overfull \hbox (13.63206pt too wide) in paragraph at lines 4091--4091
\OT1/cmr/m/n/10.95 trary. Al-lowed data types are: \OT1/cmr/bx/n/10.95 I\OT1/cm
r/m/n/10.95 =integer(16-bit), \OT1/cmr/bx/n/10.95 J\OT1/cmr/m/n/10.95 =integer(
32-bit), \OT1/cmr/bx/n/10.95 E\OT1/cmr/m/n/10.95 =real, \OT1/cmr/bx/n/10.95 D\O
T1/cmr/m/n/10.95 =double, \OT1/cmr/bx/n/10.95 A\OT1/cmr/m/n/10.95 =character,
 []

[110

] [111] [112] [113]
Overfull \hbox (13.63206pt too wide) in paragraph at lines 4222--4222
\OT1/cmr/m/n/10.95 trary. Al-lowed data types are: \OT1/cmr/bx/n/10.95 I\OT1/cm
r/m/n/10.95 =integer(16-bit), \OT1/cmr/bx/n/10.95 J\OT1/cmr/m/n/10.95 =integer(
32-bit), \OT1/cmr/bx/n/10.95 E\OT1/cmr/m/n/10.95 =real, \OT1/cmr/bx/n/10.95 D\O
T1/cmr/m/n/10.95 =double, \OT1/cmr/bx/n/10.95 A\OT1/cmr/m/n/10.95 =character,
 []

[114

] [115] [116]
Overfull \hbox (13.63206pt too wide) in paragraph at lines 4341--4341
\OT1/cmr/m/n/10.95 trary. Al-lowed data types are: \OT1/cmr/bx/n/10.95 I\OT1/cm
r/m/n/10.95 =integer(16-bit), \OT1/cmr/bx/n/10.95 J\OT1/cmr/m/n/10.95 =integer(
32-bit), \OT1/cmr/bx/n/10.95 E\OT1/cmr/m/n/10.95 =real, \OT1/cmr/bx/n/10.95 D\O
T1/cmr/m/n/10.95 =double, \OT1/cmr/bx/n/10.95 A\OT1/cmr/m/n/10.95 =character,
 []

[117

] [118] [119]
Overfull \hbox (13.63206pt too wide) in paragraph at lines 4431--4431
\OT1/cmr/m/n/10.95 trary. Al-lowed data types are: \OT1/cmr/bx/n/10.95 I\OT1/cm
r/m/n/10.95 =integer(16-bit), \OT1/cmr/bx/n/10.95 J\OT1/cmr/m/n/10.95 =integer(
32-bit), \OT1/cmr/bx/n/10.95 E\OT1/cmr/m/n/10.95 =real, \OT1/cmr/bx/n/10.95 D\O
T1/cmr/m/n/10.95 =double, \OT1/cmr/bx/n/10.95 A\OT1/cmr/m/n/10.95 =character,
 []

[120

] [121] [122] [123]
Overfull \hbox (13.63206pt too wide) in paragraph at lines 4571--4571
\OT1/cmr/m/n/10.95 trary. Al-lowed data types are: \OT1/cmr/bx/n/10.95 I\OT1/cm
r/m/n/10.95 =integer(16-bit), \OT1/cmr/bx/n/10.95 J\OT1/cmr/m/n/10.95 =integer(
32-bit), \OT1/cmr/bx/n/10.95 E\OT1/cmr/m/n/10.95 =real, \OT1/cmr/bx/n/10.95 D\O
T1/cmr/m/n/10.95 =double, \OT1/cmr/bx/n/10.95 A\OT1/cmr/m/n/10.95 =character,
 []

[124

] [125] [126] [127] [128] [129]
Overfull \hbox (36.69092pt too wide) detected at line 4806
 \OT1/cmr/m/n/10.95 (maxis2,maxis3,maxis4,maxis5)
 []


Overfull \hbox (72.94765pt too wide) detected at line 4812
 \OT1/cmr/m/n/10.95 (maxis1,maxis2,maxis3,maxis4,maxis5)
 []

[130] [131

] (./OBITdoc.aux) )
(\end occurred inside a group at level 1) 
Here is how much of TeX's memory you used:
 333 strings out of 95847
 3316 string characters out of 1193875
 53189 words of memory out of 1000001
 3326 multiletter control sequences out of 10000+50000
 9995 words of font info for 35 fonts, out of 500000 for 1000
 14 hyphenation exceptions out of 1000
 23i,8n,19p,176b,387s stack positions out of 1500i,500n,5000p,200000b,5000s

Output written on OBITdoc.dvi (131 pages, 378604 bytes).
